{"D:\\Programação\\RocketSeat\\ReactJS\\Submodules\\ReactJS-Ignite-RocketSeat\\Aulas\\Ignews\\src\\components\\ActiveLink\\index.tsx": {"path":"D:\\Programação\\RocketSeat\\ReactJS\\Submodules\\ReactJS-Ignite-RocketSeat\\Aulas\\Ignews\\src\\components\\ActiveLink\\index.tsx","statementMap":{"0":{"start":{"line":11,"column":21},"end":{"line":11,"column":32}},"1":{"start":{"line":13,"column":20},"end":{"line":15,"column":8}},"2":{"start":{"line":17,"column":2},"end":{"line":23,"column":3}}},"fnMap":{"0":{"name":"ActiveLink","decl":{"start":{"line":10,"column":16},"end":{"line":10,"column":26}},"loc":{"start":{"line":10,"column":84},"end":{"line":24,"column":1}},"line":10}},"branchMap":{"0":{"loc":{"start":{"line":13,"column":20},"end":{"line":15,"column":8}},"type":"cond-expr","locations":[{"start":{"line":14,"column":6},"end":{"line":14,"column":21}},{"start":{"line":15,"column":6},"end":{"line":15,"column":8}}],"line":13}},"s":{"0":4,"1":4,"2":4},"f":{"0":4},"b":{"0":[3,1]},"_coverageSchema":"1a1c01bbd47fc00a2c39e90264f33305004495a9","hash":"897c9a3496b8a5faaaa479eeae5968fd305004ed"}
,"D:\\Programação\\RocketSeat\\ReactJS\\Submodules\\ReactJS-Ignite-RocketSeat\\Aulas\\Ignews\\src\\components\\Async\\index.tsx": {"path":"D:\\Programação\\RocketSeat\\ReactJS\\Submodules\\ReactJS-Ignite-RocketSeat\\Aulas\\Ignews\\src\\components\\Async\\index.tsx","statementMap":{"0":{"start":{"line":6,"column":49},"end":{"line":6,"column":64}},"1":{"start":{"line":8,"column":2},"end":{"line":12,"column":4}},"2":{"start":{"line":9,"column":4},"end":{"line":11,"column":12}},"3":{"start":{"line":10,"column":6},"end":{"line":10,"column":30}},"4":{"start":{"line":14,"column":2},"end":{"line":21,"column":3}}},"fnMap":{"0":{"name":"Async","decl":{"start":{"line":5,"column":16},"end":{"line":5,"column":21}},"loc":{"start":{"line":5,"column":24},"end":{"line":22,"column":1}},"line":5},"1":{"name":"(anonymous_1)","decl":{"start":{"line":8,"column":12},"end":{"line":8,"column":13}},"loc":{"start":{"line":8,"column":18},"end":{"line":12,"column":3}},"line":8},"2":{"name":"(anonymous_2)","decl":{"start":{"line":9,"column":15},"end":{"line":9,"column":16}},"loc":{"start":{"line":9,"column":21},"end":{"line":11,"column":5}},"line":9}},"branchMap":{"0":{"loc":{"start":{"line":17,"column":8},"end":{"line":18,"column":30}},"type":"binary-expr","locations":[{"start":{"line":17,"column":8},"end":{"line":17,"column":23}},{"start":{"line":18,"column":8},"end":{"line":18,"column":30}}],"line":17}},"s":{"0":2,"1":2,"2":2,"3":1,"4":2},"f":{"0":2,"1":2,"2":1},"b":{"0":[2,1]},"_coverageSchema":"1a1c01bbd47fc00a2c39e90264f33305004495a9","hash":"c67b977a08beae49f477131d94a0cc1ea00e82f7"}
,"D:\\Programação\\RocketSeat\\ReactJS\\Submodules\\ReactJS-Ignite-RocketSeat\\Aulas\\Ignews\\src\\components\\SubscribeButton\\index.tsx": {"path":"D:\\Programação\\RocketSeat\\ReactJS\\Submodules\\ReactJS-Ignite-RocketSeat\\Aulas\\Ignews\\src\\components\\SubscribeButton\\index.tsx","statementMap":{"0":{"start":{"line":9,"column":27},"end":{"line":9,"column":39}},"1":{"start":{"line":10,"column":17},"end":{"line":10,"column":28}},"2":{"start":{"line":13,"column":4},"end":{"line":16,"column":5}},"3":{"start":{"line":14,"column":6},"end":{"line":14,"column":22}},"4":{"start":{"line":15,"column":6},"end":{"line":15,"column":13}},"5":{"start":{"line":18,"column":4},"end":{"line":21,"column":5}},"6":{"start":{"line":19,"column":6},"end":{"line":19,"column":28}},"7":{"start":{"line":20,"column":6},"end":{"line":20,"column":13}},"8":{"start":{"line":24,"column":4},"end":{"line":34,"column":5}},"9":{"start":{"line":25,"column":23},"end":{"line":25,"column":51}},"10":{"start":{"line":27,"column":28},"end":{"line":27,"column":41}},"11":{"start":{"line":29,"column":21},"end":{"line":29,"column":40}},"12":{"start":{"line":31,"column":6},"end":{"line":31,"column":50}},"13":{"start":{"line":33,"column":6},"end":{"line":33,"column":24}},"14":{"start":{"line":37,"column":2},"end":{"line":45,"column":3}}},"fnMap":{"0":{"name":"SubscribeButton","decl":{"start":{"line":8,"column":16},"end":{"line":8,"column":31}},"loc":{"start":{"line":8,"column":33},"end":{"line":46,"column":1}},"line":8},"1":{"name":"handleSubscribe","decl":{"start":{"line":12,"column":17},"end":{"line":12,"column":32}},"loc":{"start":{"line":12,"column":34},"end":{"line":35,"column":3}},"line":12}},"branchMap":{"0":{"loc":{"start":{"line":13,"column":4},"end":{"line":16,"column":5}},"type":"if","locations":[{"start":{"line":13,"column":4},"end":{"line":16,"column":5}},{"start":{},"end":{}}],"line":13},"1":{"loc":{"start":{"line":18,"column":4},"end":{"line":21,"column":5}},"type":"if","locations":[{"start":{"line":18,"column":4},"end":{"line":21,"column":5}},{"start":{},"end":{}}],"line":18}},"s":{"0":4,"1":4,"2":2,"3":1,"4":1,"5":1,"6":1,"7":1,"8":0,"9":0,"10":0,"11":0,"12":0,"13":0,"14":4},"f":{"0":4,"1":2},"b":{"0":[1,1],"1":[1,0]},"_coverageSchema":"1a1c01bbd47fc00a2c39e90264f33305004495a9","hash":"92df61238a6784356bc56562c721f20f67922b51"}
,"D:\\Programação\\RocketSeat\\ReactJS\\Submodules\\ReactJS-Ignite-RocketSeat\\Aulas\\Ignews\\src\\pages\\_app.tsx": {"path":"D:\\Programação\\RocketSeat\\ReactJS\\Submodules\\ReactJS-Ignite-RocketSeat\\Aulas\\Ignews\\src\\pages\\_app.tsx","statementMap":{"0":{"start":{"line":9,"column":2},"end":{"line":16,"column":3}}},"fnMap":{"0":{"name":"MyApp","decl":{"start":{"line":8,"column":9},"end":{"line":8,"column":14}},"loc":{"start":{"line":8,"column":51},"end":{"line":17,"column":1}},"line":8}},"branchMap":{},"s":{"0":0},"f":{"0":0},"b":{}}
,"D:\\Programação\\RocketSeat\\ReactJS\\Submodules\\ReactJS-Ignite-RocketSeat\\Aulas\\Ignews\\src\\pages\\_document.tsx": {"path":"D:\\Programação\\RocketSeat\\ReactJS\\Submodules\\ReactJS-Ignite-RocketSeat\\Aulas\\Ignews\\src\\pages\\_document.tsx","statementMap":{"0":{"start":{"line":5,"column":4},"end":{"line":19,"column":5}}},"fnMap":{"0":{"name":"(anonymous_0)","decl":{"start":{"line":4,"column":2},"end":{"line":4,"column":3}},"loc":{"start":{"line":4,"column":11},"end":{"line":20,"column":3}},"line":4}},"branchMap":{},"s":{"0":0},"f":{"0":0},"b":{}}
,"D:\\Programação\\RocketSeat\\ReactJS\\Submodules\\ReactJS-Ignite-RocketSeat\\Aulas\\Ignews\\src\\pages\\index.tsx": {"path":"D:\\Programação\\RocketSeat\\ReactJS\\Submodules\\ReactJS-Ignite-RocketSeat\\Aulas\\Ignews\\src\\pages\\index.tsx","statementMap":{"0":{"start":{"line":16,"column":2},"end":{"line":35,"column":3}},"1":{"start":{"line":49,"column":46},"end":{"line":66,"column":1}},"2":{"start":{"line":50,"column":16},"end":{"line":50,"column":78}},"3":{"start":{"line":52,"column":18},"end":{"line":58,"column":3}},"4":{"start":{"line":60,"column":2},"end":{"line":65,"column":3}}},"fnMap":{"0":{"name":"Home","decl":{"start":{"line":15,"column":24},"end":{"line":15,"column":28}},"loc":{"start":{"line":15,"column":52},"end":{"line":36,"column":1}},"line":15},"1":{"name":"(anonymous_1)","decl":{"start":{"line":49,"column":46},"end":{"line":49,"column":47}},"loc":{"start":{"line":49,"column":58},"end":{"line":66,"column":1}},"line":49}},"branchMap":{},"s":{"0":1,"1":1,"2":1,"3":1,"4":1},"f":{"0":1,"1":1},"b":{},"_coverageSchema":"1a1c01bbd47fc00a2c39e90264f33305004495a9","hash":"f4eef75ba7d9fe4b186356d574183b329f65d4e9"}
,"D:\\Programação\\RocketSeat\\ReactJS\\Submodules\\ReactJS-Ignite-RocketSeat\\Aulas\\Ignews\\src\\pages\\posts\\[slug].tsx": {"path":"D:\\Programação\\RocketSeat\\ReactJS\\Submodules\\ReactJS-Ignite-RocketSeat\\Aulas\\Ignews\\src\\pages\\posts\\[slug].tsx","statementMap":{"0":{"start":{"line":19,"column":2},"end":{"line":36,"column":4}},"1":{"start":{"line":39,"column":54},"end":{"line":73,"column":1}},"2":{"start":{"line":40,"column":18},"end":{"line":40,"column":43}},"3":{"start":{"line":41,"column":19},"end":{"line":41,"column":25}},"4":{"start":{"line":43,"column":2},"end":{"line":43,"column":22}},"5":{"start":{"line":44,"column":2},"end":{"line":51,"column":3}},"6":{"start":{"line":45,"column":4},"end":{"line":50,"column":5}},"7":{"start":{"line":53,"column":18},"end":{"line":53,"column":39}},"8":{"start":{"line":55,"column":19},"end":{"line":55,"column":72}},"9":{"start":{"line":57,"column":15},"end":{"line":66,"column":3}},"10":{"start":{"line":68,"column":2},"end":{"line":72,"column":3}}},"fnMap":{"0":{"name":"Post","decl":{"start":{"line":18,"column":24},"end":{"line":18,"column":28}},"loc":{"start":{"line":18,"column":50},"end":{"line":37,"column":1}},"line":18},"1":{"name":"(anonymous_1)","decl":{"start":{"line":39,"column":54},"end":{"line":39,"column":55}},"loc":{"start":{"line":39,"column":81},"end":{"line":73,"column":1}},"line":39}},"branchMap":{"0":{"loc":{"start":{"line":44,"column":2},"end":{"line":51,"column":3}},"type":"if","locations":[{"start":{"line":44,"column":2},"end":{"line":51,"column":3}},{"start":{},"end":{}}],"line":44}},"s":{"0":1,"1":1,"2":2,"3":2,"4":2,"5":2,"6":1,"7":1,"8":1,"9":1,"10":1},"f":{"0":1,"1":2},"b":{"0":[1,1]},"_coverageSchema":"1a1c01bbd47fc00a2c39e90264f33305004495a9","hash":"6ec56082d4a9501bc3747582d9f1ad4c86b892e9"}
,"D:\\Programação\\RocketSeat\\ReactJS\\Submodules\\ReactJS-Ignite-RocketSeat\\Aulas\\Ignews\\src\\pages\\posts\\index.tsx": {"path":"D:\\Programação\\RocketSeat\\ReactJS\\Submodules\\ReactJS-Ignite-RocketSeat\\Aulas\\Ignews\\src\\pages\\posts\\index.tsx","statementMap":{"0":{"start":{"line":24,"column":2},"end":{"line":44,"column":4}},"1":{"start":{"line":33,"column":12},"end":{"line":39,"column":19}},"2":{"start":{"line":49,"column":46},"end":{"line":77,"column":1}},"3":{"start":{"line":50,"column":18},"end":{"line":50,"column":36}},"4":{"start":{"line":52,"column":19},"end":{"line":57,"column":4}},"5":{"start":{"line":59,"column":16},"end":{"line":70,"column":4}},"6":{"start":{"line":60,"column":4},"end":{"line":69,"column":5}},"7":{"start":{"line":63,"column":49},"end":{"line":63,"column":77}},"8":{"start":{"line":72,"column":2},"end":{"line":76,"column":3}}},"fnMap":{"0":{"name":"Posts","decl":{"start":{"line":23,"column":24},"end":{"line":23,"column":29}},"loc":{"start":{"line":23,"column":52},"end":{"line":45,"column":1}},"line":23},"1":{"name":"(anonymous_1)","decl":{"start":{"line":32,"column":23},"end":{"line":32,"column":24}},"loc":{"start":{"line":33,"column":12},"end":{"line":39,"column":19}},"line":33},"2":{"name":"(anonymous_2)","decl":{"start":{"line":49,"column":46},"end":{"line":49,"column":47}},"loc":{"start":{"line":49,"column":58},"end":{"line":77,"column":1}},"line":49},"3":{"name":"(anonymous_3)","decl":{"start":{"line":59,"column":38},"end":{"line":59,"column":39}},"loc":{"start":{"line":59,"column":46},"end":{"line":70,"column":3}},"line":59},"4":{"name":"(anonymous_4)","decl":{"start":{"line":63,"column":38},"end":{"line":63,"column":39}},"loc":{"start":{"line":63,"column":49},"end":{"line":63,"column":77}},"line":63}},"branchMap":{"0":{"loc":{"start":{"line":63,"column":15},"end":{"line":63,"column":90}},"type":"binary-expr","locations":[{"start":{"line":63,"column":15},"end":{"line":63,"column":84}},{"start":{"line":63,"column":88},"end":{"line":63,"column":90}}],"line":63}},"s":{"0":1,"1":1,"2":1,"3":1,"4":1,"5":1,"6":1,"7":1,"8":1},"f":{"0":1,"1":1,"2":1,"3":1,"4":1},"b":{"0":[1,0]},"_coverageSchema":"1a1c01bbd47fc00a2c39e90264f33305004495a9","hash":"0ac0d6e801cac95afbfb49ee89aaa024a0b596b8"}
,"D:\\Programação\\RocketSeat\\ReactJS\\Submodules\\ReactJS-Ignite-RocketSeat\\Aulas\\Ignews\\src\\pages\\posts\\preview\\[slug].tsx": {"path":"D:\\Programação\\RocketSeat\\ReactJS\\Submodules\\ReactJS-Ignite-RocketSeat\\Aulas\\Ignews\\src\\pages\\posts\\preview\\[slug].tsx","statementMap":{"0":{"start":{"line":22,"column":26},"end":{"line":22,"column":38}},"1":{"start":{"line":23,"column":17},"end":{"line":23,"column":28}},"2":{"start":{"line":25,"column":2},"end":{"line":29,"column":15}},"3":{"start":{"line":26,"column":4},"end":{"line":28,"column":5}},"4":{"start":{"line":27,"column":6},"end":{"line":27,"column":40}},"5":{"start":{"line":32,"column":2},"end":{"line":56,"column":4}},"6":{"start":{"line":59,"column":30},"end":{"line":64,"column":1}},"7":{"start":{"line":60,"column":2},"end":{"line":63,"column":3}},"8":{"start":{"line":66,"column":46},"end":{"line":90,"column":1}},"9":{"start":{"line":67,"column":19},"end":{"line":67,"column":25}},"10":{"start":{"line":69,"column":18},"end":{"line":69,"column":36}},"11":{"start":{"line":71,"column":19},"end":{"line":71,"column":72}},"12":{"start":{"line":73,"column":15},"end":{"line":82,"column":3}},"13":{"start":{"line":84,"column":2},"end":{"line":89,"column":3}}},"fnMap":{"0":{"name":"PostPreview","decl":{"start":{"line":21,"column":24},"end":{"line":21,"column":35}},"loc":{"start":{"line":21,"column":64},"end":{"line":57,"column":1}},"line":21},"1":{"name":"(anonymous_1)","decl":{"start":{"line":25,"column":12},"end":{"line":25,"column":13}},"loc":{"start":{"line":25,"column":18},"end":{"line":29,"column":3}},"line":25},"2":{"name":"(anonymous_2)","decl":{"start":{"line":59,"column":30},"end":{"line":59,"column":31}},"loc":{"start":{"line":59,"column":36},"end":{"line":64,"column":1}},"line":59},"3":{"name":"(anonymous_3)","decl":{"start":{"line":66,"column":46},"end":{"line":66,"column":47}},"loc":{"start":{"line":66,"column":68},"end":{"line":90,"column":1}},"line":66}},"branchMap":{"0":{"loc":{"start":{"line":26,"column":4},"end":{"line":28,"column":5}},"type":"if","locations":[{"start":{"line":26,"column":4},"end":{"line":28,"column":5}},{"start":{},"end":{}}],"line":26}},"s":{"0":2,"1":2,"2":2,"3":2,"4":1,"5":2,"6":1,"7":0,"8":1,"9":1,"10":1,"11":1,"12":1,"13":1},"f":{"0":2,"1":2,"2":0,"3":1},"b":{"0":[1,1]},"_coverageSchema":"1a1c01bbd47fc00a2c39e90264f33305004495a9","hash":"2f312f955a8fdd7e5b65e06718498718c8242420"}
}
