TN:
SF:src\components\ActiveLink\index.tsx
FN:10,ActiveLink
FNF:1
FNH:1
FNDA:4,ActiveLink
DA:11,4
DA:13,4
DA:17,4
LF:3
LH:3
BRDA:13,0,0,3
BRDA:13,0,1,1
BRF:2
BRH:2
end_of_record
TN:
SF:src\components\Async\index.tsx
FN:5,Async
FN:8,(anonymous_1)
FN:9,(anonymous_2)
FNF:3
FNH:3
FNDA:2,Async
FNDA:2,(anonymous_1)
FNDA:1,(anonymous_2)
DA:6,2
DA:8,2
DA:9,2
DA:10,1
DA:14,2
LF:5
LH:5
BRDA:17,0,0,2
BRDA:17,0,1,1
BRF:2
BRH:2
end_of_record
TN:
SF:src\components\SubscribeButton\index.tsx
FN:8,SubscribeButton
FN:12,handleSubscribe
FNF:2
FNH:2
FNDA:4,SubscribeButton
FNDA:2,handleSubscribe
DA:9,4
DA:10,4
DA:13,2
DA:14,1
DA:15,1
DA:18,1
DA:19,1
DA:20,1
DA:24,0
DA:25,0
DA:27,0
DA:29,0
DA:31,0
DA:33,0
DA:37,4
LF:15
LH:9
BRDA:13,0,0,1
BRDA:13,0,1,1
BRDA:18,1,0,1
BRDA:18,1,1,0
BRF:4
BRH:3
end_of_record
TN:
SF:src\pages\_app.tsx
FN:8,MyApp
FNF:1
FNH:0
FNDA:0,MyApp
DA:9,0
LF:1
LH:0
BRF:0
BRH:0
end_of_record
TN:
SF:src\pages\_document.tsx
FN:4,(anonymous_0)
FNF:1
FNH:0
FNDA:0,(anonymous_0)
DA:5,0
LF:1
LH:0
BRF:0
BRH:0
end_of_record
TN:
SF:src\pages\index.tsx
FN:15,Home
FN:49,(anonymous_1)
FNF:2
FNH:2
FNDA:1,Home
FNDA:1,(anonymous_1)
DA:16,1
DA:49,1
DA:50,1
DA:52,1
DA:60,1
LF:5
LH:5
BRF:0
BRH:0
end_of_record
TN:
SF:src\pages\posts\[slug].tsx
FN:18,Post
FN:39,(anonymous_1)
FNF:2
FNH:2
FNDA:1,Post
FNDA:2,(anonymous_1)
DA:19,1
DA:39,1
DA:40,2
DA:41,2
DA:43,2
DA:44,2
DA:45,1
DA:53,1
DA:55,1
DA:57,1
DA:68,1
LF:11
LH:11
BRDA:44,0,0,1
BRDA:44,0,1,1
BRF:2
BRH:2
end_of_record
TN:
SF:src\pages\posts\index.tsx
FN:23,Posts
FN:32,(anonymous_1)
FN:49,(anonymous_2)
FN:59,(anonymous_3)
FN:63,(anonymous_4)
FNF:5
FNH:5
FNDA:1,Posts
FNDA:1,(anonymous_1)
FNDA:1,(anonymous_2)
FNDA:1,(anonymous_3)
FNDA:1,(anonymous_4)
DA:24,1
DA:33,1
DA:49,1
DA:50,1
DA:52,1
DA:59,1
DA:60,1
DA:63,1
DA:72,1
LF:9
LH:9
BRDA:63,0,0,1
BRDA:63,0,1,0
BRF:2
BRH:1
end_of_record
TN:
SF:src\pages\posts\preview\[slug].tsx
FN:21,PostPreview
FN:25,(anonymous_1)
FN:59,(anonymous_2)
FN:66,(anonymous_3)
FNF:4
FNH:3
FNDA:2,PostPreview
FNDA:2,(anonymous_1)
FNDA:0,(anonymous_2)
FNDA:1,(anonymous_3)
DA:22,2
DA:23,2
DA:25,2
DA:26,2
DA:27,1
DA:32,2
DA:59,1
DA:60,0
DA:66,1
DA:67,1
DA:69,1
DA:71,1
DA:73,1
DA:84,1
LF:14
LH:13
BRDA:26,0,0,1
BRDA:26,0,1,1
BRF:2
BRH:2
end_of_record
